        -:    0:Source:C:/Users/HP/CLionProjects/C++practice/main.cpp
        -:    0:Graph:C:\Users\HP\CLionProjects\C++practice\cmake-build-debug-coverage\CMakeFiles\C__practice.dir\main.cpp.gcno
        -:    0:Data:C:\Users\HP\CLionProjects\C++practice\cmake-build-debug-coverage\CMakeFiles\C__practice.dir\main.cpp.gcda
        -:    0:Runs:1
        -:    1:#include<iostream>
        -:    2:using namespace std;
        -:    3:class Employee
        -:    4:{
        -:    5:private:
        -:    6:    string name;
        -:    7:    int age;
        -:    8:    string characterstics;
        -:    9:
        -:   10:public:
        -:   11:
function _ZN8Employee7setNameENSt7__cxx1112basic_stringIcSt11char_traitsIcESaIcEEE called 1 returned 100% blocks executed 100%
        1:   12:void setName(string Name)
        -:   13:{
        1:   14:    name= Name;
        1:   14-block  0
call    0 returned 1
        1:   15:}
function _ZN8Employee7getnameB5cxx11Ev called 1 returned 100% blocks executed 100%
        1:   16:string getname()
        -:   17:{
        1:   18:    return name;
        1:   18-block  0
call    0 returned 1
        -:   19:}
function _ZN8Employee6setAgeEi called 1 returned 100% blocks executed 67%
        1:   20:void setAge(int Age)
        -:   21:{
        1:   22:    if(Age>=18)
        1:   22-block  0
branch  0 taken 0 (fallthrough)
branch  1 taken 1
        -:   23:    {
    #####:   24:        age=Age;
    %%%%%:   24-block  0
        -:   25:    }
        1:   26:}
function _ZN8Employee6getAgeEv called 1 returned 100% blocks executed 100%
        1:   27:int getAge()
        -:   28:{
        1:   29:    return age;
        1:   29-block  0
        -:   30:}
function _ZN8EmployeeC1ENSt7__cxx1112basic_stringIcSt11char_traitsIcESaIcEEEiS5_ called 1 returned 100% blocks executed 67%
        1:   31:    Employee(string name, int age, string characterstics ) {
        1:   31-block  0
call    0 returned 1
call    1 returned 1
        1:   32:        this->name = name;
call    0 returned 1
branch  1 taken 1 (fallthrough)
branch  2 taken 0 (throw)
        1:   33:        this->age=age;
        1:   34:        this->characterstics=characterstics;
        1:   34-block  0
call    0 returned 1
branch  1 taken 1 (fallthrough)
branch  2 taken 0 (throw)
        1:   35:    }
        1:   35-block  0
    $$$$$:   35-block  1
call    0 never executed
    $$$$$:   35-block  2
call    1 never executed
        -:   36:
        -:   37:
function _ZN8Employee7overallEv called 1 returned 100% blocks executed 100%
        1:   38:    void overall()
        -:   39:    {
        1:   40:        cout<<name<<" "<<age<<" "<<characterstics<<endl;
        1:   40-block  0
call    0 returned 1
call    1 returned 1
call    2 returned 1
call    3 returned 1
call    4 returned 1
call    5 returned 1
        -:   41:
        1:   42:    }
        -:   43:};
function main called 1 returned 100% blocks executed 54%
        1:   44:int main()
        -:   45:{
        2:   46:    Employee it=Employee("Eleven",6,"good");
        1:   46-block  0
call    0 returned 1
call    1 returned 1
branch  2 taken 1 (fallthrough)
branch  3 taken 0 (throw)
        1:   46-block  1
call    4 returned 1
call    5 returned 1
branch  6 taken 1 (fallthrough)
branch  7 taken 0 (throw)
        1:   46-block  2
call    8 returned 1
branch  9 taken 1 (fallthrough)
branch 10 taken 0 (throw)
call   11 returned 1
call   12 returned 1
call   13 returned 1
    $$$$$:   46-block  3
    $$$$$:   46-block  4
    $$$$$:   46-block  5
    $$$$$:   46-block  6
        1:   47:    it.overall();
call    0 returned 1
branch  1 taken 1 (fallthrough)
branch  2 taken 0 (throw)
        1:   48:    it.setName("NOBO");
        1:   48-block  0
call    0 returned 1
call    1 returned 1
branch  2 taken 1 (fallthrough)
branch  3 taken 0 (throw)
        1:   48-block  1
call    4 returned 1
branch  5 taken 1 (fallthrough)
branch  6 taken 0 (throw)
        1:   48-block  2
call    7 returned 1
call    8 returned 1
    $$$$$:   48-block  3
call    9 never executed
    $$$$$:   48-block  4
    $$$$$:   48-block  5
call   10 never executed
    $$$$$:   48-block  6
        1:   49:    cout<<it.getname()<<endl;
call    0 returned 1
branch  1 taken 1 (fallthrough)
branch  2 taken 0 (throw)
        1:   49-block  0
call    3 returned 1
branch  4 taken 1 (fallthrough)
branch  5 taken 0 (throw)
        1:   49-block  1
call    6 returned 1
branch  7 taken 1 (fallthrough)
branch  8 taken 0 (throw)
        1:   49-block  2
call    9 returned 1
    $$$$$:   49-block  3
call   10 never executed
    $$$$$:   49-block  4
        1:   50:    it.setAge(9);
call    0 returned 1
        1:   51:   cout<< it.getAge()<<endl;
call    0 returned 1
call    1 returned 1
branch  2 taken 1 (fallthrough)
branch  3 taken 0 (throw)
        1:   51-block  0
call    4 returned 1
branch  5 taken 1 (fallthrough)
branch  6 taken 0 (throw)
        1:   52:}
        1:   52-block  0
call    0 returned 1
        1:   52-block  1
    $$$$$:   52-block  2
call    1 never executed
