        -:    0:Source:C:/Users/HP/CLionProjects/C++practice/main.cpp
        -:    0:Graph:C:\Users\HP\CLionProjects\C++practice\cmake-build-debug-coverage\CMakeFiles\C__practice.dir\main.cpp.gcno
        -:    0:Data:C:\Users\HP\CLionProjects\C++practice\cmake-build-debug-coverage\CMakeFiles\C__practice.dir\main.cpp.gcda
        -:    0:Runs:1
        -:    1:#include<iostream>
        -:    2:using namespace std;
        -:    3:class AbstractEmployee
        -:    4:{
        -:    5:public:
        -:    6:    virtual void AskForPromotion()=0;
        -:    7:};
        -:    8:class Employee:public AbstractEmployee
        -:    9:{
        -:   10:private:
        -:   11:    string name;
        -:   12:    int age;
        -:   13:    string characterstics;
        -:   14:
        -:   15:public:
        -:   16:
        -:   17:    void setName(string Name)
        -:   18:    {
        -:   19:        name= Name;
        -:   20:    }
        -:   21:    string getname()
        -:   22:    {
        -:   23:        return name;
        -:   24:    }
        -:   25:    void setAge(int Age)
        -:   26:    {
        -:   27:        if(Age>=18)
        -:   28:        {
        -:   29:            age=Age;
        -:   30:        }
        -:   31:    }
        -:   32:    int getAge()
        -:   33:    {
        -:   34:        return age;
        -:   35:    }
function _ZN8EmployeeC2ENSt7__cxx1112basic_stringIcSt11char_traitsIcESaIcEEEiS5_ called 1 returned 100% blocks executed 70%
        1:   36:    Employee(string name, int age, string characterstics ) {
        1:   36-block  0
call    0 returned 1
call    1 returned 1
call    2 returned 1
        1:   37:        this->name = name;
call    0 returned 1
branch  1 taken 1 (fallthrough)
branch  2 taken 0 (throw)
        1:   38:        this->age=age;
        1:   39:        this->characterstics=characterstics;
        1:   39-block  0
call    0 returned 1
branch  1 taken 1 (fallthrough)
branch  2 taken 0 (throw)
        1:   40:    }
        1:   40-block  0
    $$$$$:   40-block  1
call    0 never executed
    $$$$$:   40-block  2
call    1 never executed
        -:   41:
        -:   42:
        -:   43:    void overall()
        -:   44:    {
        -:   45:        cout<<name<<" "<<age<<" "<<characterstics<<endl;
        -:   46:
        -:   47:    }
function _ZN8Employee15AskForPromotionEv called 0 returned 0% blocks executed 0%
    #####:   48:    void AskForPromotion()
        -:   49:    {
    #####:   50:        if(age>=35)
    %%%%%:   50-block  0
branch  0 never executed
branch  1 never executed
        -:   51:        {
    #####:   52:            cout<<"Promoted"<<endl;
    %%%%%:   52-block  0
call    0 never executed
call    1 never executed
        -:   53:        }
        -:   54:        else
        -:   55:        {
    #####:   56:            cout<<"not promoted"<<endl;
    %%%%%:   56-block  0
call    0 never executed
call    1 never executed
        -:   57:        }
    #####:   58:    }
        -:   59:
        -:   60:};
        -:   61:class Devloper:Employee
        -:   62:{
        -:   63:public:
        -:   64:    string Favprogrammnerlanguage1;
function _ZN8DevloperC1ENSt7__cxx1112basic_stringIcSt11char_traitsIcESaIcEEEiS5_S5_ called 1 returned 100% blocks executed 50%
        1:   65:    Devloper(string name, int age, string characterstics,
        1:   66:             string Favprogrammnerlanguage) : Employee(name, age, characterstics) {
        1:   66-block  0
call    0 returned 1
call    1 returned 1
branch  2 taken 1 (fallthrough)
branch  3 taken 0 (throw)
        1:   66-block  1
call    4 returned 1
branch  5 taken 1 (fallthrough)
branch  6 taken 0 (throw)
        1:   66-block  2
call    7 returned 1
call    8 returned 1
call    9 returned 1
    $$$$$:   66-block  3
call   10 never executed
    $$$$$:   66-block  4
    $$$$$:   66-block  5
call   11 never executed
    $$$$$:   66-block  6
call   12 never executed
        -:   67:
        1:   68:            Favprogrammnerlanguage1=Favprogrammnerlanguage;
call    0 returned 1
branch  1 taken 1 (fallthrough)
branch  2 taken 0 (throw)
        -:   69:
        1:   70:    }
        1:   70-block  0
    $$$$$:   70-block  1
call    0 never executed
    $$$$$:   70-block  2
call    1 never executed
        -:   71:    void Fixbug()
        -:   72:    {
        -:   73:        cout<<getname()<<"Fixed bug using"<<Favprogrammnerlanguage1<<endl;
        -:   74:    }
        -:   75:};
function main called 1 returned 100% blocks executed 49%
        1:   76:int main()
        -:   77:{
        2:   78:    Devloper d=Devloper("Saldina",29,"Good","c++");
        1:   78-block  0
call    0 returned 1
call    1 returned 1
branch  2 taken 1 (fallthrough)
branch  3 taken 0 (throw)
        1:   78-block  1
call    4 returned 1
call    5 returned 1
branch  6 taken 1 (fallthrough)
branch  7 taken 0 (throw)
        1:   78-block  2
call    8 returned 1
call    9 returned 1
branch 10 taken 1 (fallthrough)
branch 11 taken 0 (throw)
        1:   78-block  3
call   12 returned 1
branch 13 taken 1 (fallthrough)
branch 14 taken 0 (throw)
call   15 returned 1
call   16 returned 1
call   17 returned 1
call   18 returned 1
call   19 returned 1
    $$$$$:   78-block  4
    $$$$$:   78-block  5
    $$$$$:   78-block  6
    $$$$$:   78-block  7
    $$$$$:   78-block  8
    $$$$$:   78-block  9
        1:   79:}
call    0 returned 1
        1:   79-block  0
        -:   80:
